<?xml version="1.0" encoding="UTF-8"?>
<testng-results ignored="0" total="1" passed="1" failed="0" skipped="0">
  <reporter-output>
  </reporter-output>
  <suite started-at="2024-11-26T18:20:57 IST" name="Default suite" finished-at="2024-11-26T18:21:19 IST" duration-ms="22851">
    <groups>
      <group name="regression">
        <method signature="CreateDoctorAccountTest.createDoctor()[pri:0, instance:Admin_Module_Login.CreateDoctorAccountTest@7e07db1f]" name="createDoctor" class="Admin_Module_Login.CreateDoctorAccountTest"/>
      </group> <!-- regression -->
    </groups>
    <test started-at="2024-11-26T18:20:57 IST" name="Default test" finished-at="2024-11-26T18:21:19 IST" duration-ms="22851">
      <class name="Admin_Module_Login.CreateDoctorAccountTest">
        <test-method is-config="true" signature="configureBS()[pri:0, instance:Admin_Module_Login.CreateDoctorAccountTest@7e07db1f]" started-at="2024-11-26T18:20:57 IST" name="configureBS" finished-at="2024-11-26T18:20:57 IST" duration-ms="9" status="PASS">
          <reporter-output>
          </reporter-output>
        </test-method> <!-- configureBS -->
        <test-method is-config="true" signature="configBC(java.lang.String)[pri:0, instance:Admin_Module_Login.CreateDoctorAccountTest@7e07db1f]" started-at="2024-11-26T18:20:57 IST" name="configBC" finished-at="2024-11-26T18:21:01 IST" duration-ms="4132" status="PASS">
          <params>
            <param index="0">
              <value>
                <![CDATA[edge]]>
              </value>
            </param>
          </params>
          <reporter-output>
          </reporter-output>
        </test-method> <!-- configBC -->
        <test-method is-config="true" signature="configBM()[pri:0, instance:Admin_Module_Login.CreateDoctorAccountTest@7e07db1f]" started-at="2024-11-26T18:21:01 IST" name="configBM" finished-at="2024-11-26T18:21:01 IST" duration-ms="732" status="PASS">
          <reporter-output>
          </reporter-output>
        </test-method> <!-- configBM -->
        <test-method signature="createDoctor()[pri:0, instance:Admin_Module_Login.CreateDoctorAccountTest@7e07db1f]" started-at="2024-11-26T18:21:01 IST" name="createDoctor" finished-at="2024-11-26T18:21:18 IST" duration-ms="16207" status="PASS">
          <reporter-output>
          </reporter-output>
        </test-method> <!-- createDoctor -->
        <test-method is-config="true" signature="configAM()[pri:0, instance:Admin_Module_Login.CreateDoctorAccountTest@7e07db1f]" started-at="2024-11-26T18:21:18 IST" name="configAM" finished-at="2024-11-26T18:21:19 IST" duration-ms="1749" status="PASS">
          <reporter-output>
          </reporter-output>
        </test-method> <!-- configAM -->
        <test-method is-config="true" signature="configAC()[pri:0, instance:Admin_Module_Login.CreateDoctorAccountTest@7e07db1f]" started-at="2024-11-26T18:21:19 IST" name="configAC" finished-at="2024-11-26T18:21:19 IST" duration-ms="0" status="PASS">
          <reporter-output>
          </reporter-output>
        </test-method> <!-- configAC -->
        <test-method is-config="true" signature="configAS()[pri:0, instance:Admin_Module_Login.CreateDoctorAccountTest@7e07db1f]" started-at="2024-11-26T18:21:19 IST" name="configAS" finished-at="2024-11-26T18:21:19 IST" duration-ms="0" status="PASS">
          <reporter-output>
          </reporter-output>
        </test-method> <!-- configAS -->
      </class> <!-- Admin_Module_Login.CreateDoctorAccountTest -->
    </test> <!-- Default test -->
  </suite> <!-- Default suite -->
</testng-results>
