<?xml version="1.0" encoding="UTF-8"?>
<testng-results ignored="12" total="19" passed="7" failed="0" skipped="0">
  <reporter-output>
  </reporter-output>
  <suite started-at="2024-11-26T09:40:13 IST" name="Suite" finished-at="2024-11-26T09:41:58 IST" duration-ms="104891">
    <groups>
    </groups>
    <test started-at="2024-11-26T09:40:13 IST" name="Test" finished-at="2024-11-26T09:41:58 IST" duration-ms="104891">
      <class name="Admin_Module_Login.ManageDoctorTest">
        <test-method is-config="true" signature="configBC(java.lang.String)[pri:0, instance:Admin_Module_Login.ManageDoctorTest@2b662a77]" started-at="2024-11-26T09:40:55 IST" name="configBC" finished-at="2024-11-26T09:40:58 IST" duration-ms="2275" status="PASS">
          <params>
            <param index="0">
              <value>
                <![CDATA[chrome]]>
              </value>
            </param>
          </params>
          <reporter-output>
          </reporter-output>
        </test-method> <!-- configBC -->
        <test-method is-config="true" signature="configBM()[pri:0, instance:Admin_Module_Login.ManageDoctorTest@2b662a77]" started-at="2024-11-26T09:40:58 IST" name="configBM" finished-at="2024-11-26T09:40:59 IST" duration-ms="1292" status="PASS">
          <reporter-output>
          </reporter-output>
        </test-method> <!-- configBM -->
        <test-method signature="manageDoctor()[pri:0, instance:Admin_Module_Login.ManageDoctorTest@2b662a77]" started-at="2024-11-26T09:40:59 IST" name="manageDoctor" finished-at="2024-11-26T09:41:19 IST" duration-ms="19837" status="PASS">
          <reporter-output>
          </reporter-output>
        </test-method> <!-- manageDoctor -->
        <test-method is-config="true" signature="configAC()[pri:0, instance:Admin_Module_Login.ManageDoctorTest@2b662a77]" started-at="2024-11-26T09:41:19 IST" name="configAC" finished-at="2024-11-26T09:41:19 IST" duration-ms="0" status="PASS">
          <reporter-output>
          </reporter-output>
        </test-method> <!-- configAC -->
        <test-method is-config="true" signature="configAM()[pri:0, instance:Admin_Module_Login.ManageDoctorTest@2b662a77]" started-at="2024-11-26T09:41:19 IST" name="configAM" finished-at="2024-11-26T09:41:19 IST" duration-ms="0" status="PASS">
          <reporter-output>
          </reporter-output>
        </test-method> <!-- configAM -->
      </class> <!-- Admin_Module_Login.ManageDoctorTest -->
      <class name="Admin_Module_Login.CreateDoctorAccountTest">
        <test-method is-config="true" signature="configBC(java.lang.String)[pri:0, instance:Admin_Module_Login.CreateDoctorAccountTest@7f3b84b8]" started-at="2024-11-26T09:40:20 IST" name="configBC" finished-at="2024-11-26T09:40:23 IST" duration-ms="2783" status="PASS">
          <params>
            <param index="0">
              <value>
                <![CDATA[chrome]]>
              </value>
            </param>
          </params>
          <reporter-output>
          </reporter-output>
        </test-method> <!-- configBC -->
        <test-method is-config="true" signature="configBM()[pri:0, instance:Admin_Module_Login.CreateDoctorAccountTest@7f3b84b8]" started-at="2024-11-26T09:40:23 IST" name="configBM" finished-at="2024-11-26T09:40:23 IST" duration-ms="559" status="PASS">
          <reporter-output>
          </reporter-output>
        </test-method> <!-- configBM -->
        <test-method signature="createDoctor()[pri:0, instance:Admin_Module_Login.CreateDoctorAccountTest@7f3b84b8]" started-at="2024-11-26T09:40:23 IST" name="createDoctor" finished-at="2024-11-26T09:40:40 IST" duration-ms="16290" status="PASS">
          <reporter-output>
          </reporter-output>
        </test-method> <!-- createDoctor -->
        <test-method is-config="true" signature="configAM()[pri:0, instance:Admin_Module_Login.CreateDoctorAccountTest@7f3b84b8]" started-at="2024-11-26T09:40:40 IST" name="configAM" finished-at="2024-11-26T09:40:40 IST" duration-ms="0" status="PASS">
          <reporter-output>
          </reporter-output>
        </test-method> <!-- configAM -->
        <test-method is-config="true" signature="configAC()[pri:0, instance:Admin_Module_Login.CreateDoctorAccountTest@7f3b84b8]" started-at="2024-11-26T09:40:40 IST" name="configAC" finished-at="2024-11-26T09:40:40 IST" duration-ms="0" status="PASS">
          <reporter-output>
          </reporter-output>
        </test-method> <!-- configAC -->
      </class> <!-- Admin_Module_Login.CreateDoctorAccountTest -->
      <class name="Admin_Module_Login.AdminLoginTest">
        <test-method is-config="true" signature="configureBS()[pri:0, instance:Admin_Module_Login.AdminLoginTest@223d2c72]" started-at="2024-11-26T09:40:13 IST" name="configureBS" finished-at="2024-11-26T09:40:13 IST" duration-ms="9" status="PASS">
          <reporter-output>
          </reporter-output>
        </test-method> <!-- configureBS -->
        <test-method is-config="true" signature="configBC(java.lang.String)[pri:0, instance:Admin_Module_Login.AdminLoginTest@223d2c72]" started-at="2024-11-26T09:40:13 IST" name="configBC" finished-at="2024-11-26T09:40:16 IST" duration-ms="3084" status="PASS">
          <params>
            <param index="0">
              <value>
                <![CDATA[chrome]]>
              </value>
            </param>
          </params>
          <reporter-output>
          </reporter-output>
        </test-method> <!-- configBC -->
        <test-method is-config="true" signature="configBM()[pri:0, instance:Admin_Module_Login.AdminLoginTest@223d2c72]" started-at="2024-11-26T09:40:16 IST" name="configBM" finished-at="2024-11-26T09:40:16 IST" duration-ms="384" status="PASS">
          <reporter-output>
          </reporter-output>
        </test-method> <!-- configBM -->
        <test-method signature="adminLogin()[pri:0, instance:Admin_Module_Login.AdminLoginTest@223d2c72]" started-at="2024-11-26T09:40:16 IST" name="adminLogin" finished-at="2024-11-26T09:40:20 IST" duration-ms="3823" status="PASS">
          <reporter-output>
          </reporter-output>
        </test-method> <!-- adminLogin -->
        <test-method is-config="true" signature="configAM()[pri:0, instance:Admin_Module_Login.AdminLoginTest@223d2c72]" started-at="2024-11-26T09:40:20 IST" name="configAM" finished-at="2024-11-26T09:40:20 IST" duration-ms="0" status="PASS">
          <reporter-output>
          </reporter-output>
        </test-method> <!-- configAM -->
        <test-method is-config="true" signature="configAC()[pri:0, instance:Admin_Module_Login.AdminLoginTest@223d2c72]" started-at="2024-11-26T09:40:20 IST" name="configAC" finished-at="2024-11-26T09:40:20 IST" duration-ms="1" status="PASS">
          <reporter-output>
          </reporter-output>
        </test-method> <!-- configAC -->
        <test-method is-config="true" signature="configAS()[pri:0, instance:Admin_Module_Login.AdminLoginTest@223d2c72]" started-at="2024-11-26T09:41:58 IST" name="configAS" finished-at="2024-11-26T09:41:58 IST" duration-ms="6" status="PASS">
          <reporter-output>
          </reporter-output>
        </test-method> <!-- configAS -->
      </class> <!-- Admin_Module_Login.AdminLoginTest -->
      <class name="Doctor_Module_.AddPatientTest">
        <test-method is-config="true" signature="configBC(java.lang.String)[pri:0, instance:Doctor_Module_.AddPatientTest@57a3af25]" started-at="2024-11-26T09:40:40 IST" name="configBC" finished-at="2024-11-26T09:40:42 IST" duration-ms="2073" status="PASS">
          <params>
            <param index="0">
              <value>
                <![CDATA[chrome]]>
              </value>
            </param>
          </params>
          <reporter-output>
          </reporter-output>
        </test-method> <!-- configBC -->
        <test-method is-config="true" signature="configBM()[pri:0, instance:Doctor_Module_.AddPatientTest@57a3af25]" started-at="2024-11-26T09:40:42 IST" name="configBM" finished-at="2024-11-26T09:40:43 IST" duration-ms="1275" status="PASS">
          <reporter-output>
          </reporter-output>
        </test-method> <!-- configBM -->
        <test-method signature="addPatient()[pri:0, instance:Doctor_Module_.AddPatientTest@57a3af25]" started-at="2024-11-26T09:40:43 IST" name="addPatient" finished-at="2024-11-26T09:40:55 IST" duration-ms="12480" status="PASS">
          <reporter-output>
          </reporter-output>
        </test-method> <!-- addPatient -->
        <test-method is-config="true" signature="configAM()[pri:0, instance:Doctor_Module_.AddPatientTest@57a3af25]" started-at="2024-11-26T09:40:55 IST" name="configAM" finished-at="2024-11-26T09:40:55 IST" duration-ms="0" status="PASS">
          <reporter-output>
          </reporter-output>
        </test-method> <!-- configAM -->
        <test-method is-config="true" signature="configAC()[pri:0, instance:Doctor_Module_.AddPatientTest@57a3af25]" started-at="2024-11-26T09:40:55 IST" name="configAC" finished-at="2024-11-26T09:40:55 IST" duration-ms="0" status="PASS">
          <reporter-output>
          </reporter-output>
        </test-method> <!-- configAC -->
      </class> <!-- Doctor_Module_.AddPatientTest -->
      <class name="Paitent_Module_Login.PatientLoginTest">
        <test-method is-config="true" signature="configBC(java.lang.String)[pri:0, instance:Paitent_Module_Login.PatientLoginTest@5c33f1a9]" started-at="2024-11-26T09:41:46 IST" name="configBC" finished-at="2024-11-26T09:41:49 IST" duration-ms="2858" status="PASS">
          <params>
            <param index="0">
              <value>
                <![CDATA[chrome]]>
              </value>
            </param>
          </params>
          <reporter-output>
          </reporter-output>
        </test-method> <!-- configBC -->
        <test-method is-config="true" signature="configBM()[pri:0, instance:Paitent_Module_Login.PatientLoginTest@5c33f1a9]" started-at="2024-11-26T09:41:49 IST" name="configBM" finished-at="2024-11-26T09:41:49 IST" duration-ms="755" status="PASS">
          <reporter-output>
          </reporter-output>
        </test-method> <!-- configBM -->
        <test-method signature="userLogin()[pri:0, instance:Paitent_Module_Login.PatientLoginTest@5c33f1a9]" started-at="2024-11-26T09:41:49 IST" name="userLogin" finished-at="2024-11-26T09:41:51 IST" duration-ms="1320" status="PASS">
          <reporter-output>
          </reporter-output>
        </test-method> <!-- userLogin -->
        <test-method is-config="true" signature="configAM()[pri:0, instance:Paitent_Module_Login.PatientLoginTest@5c33f1a9]" started-at="2024-11-26T09:41:51 IST" name="configAM" finished-at="2024-11-26T09:41:51 IST" duration-ms="0" status="PASS">
          <reporter-output>
          </reporter-output>
        </test-method> <!-- configAM -->
        <test-method is-config="true" signature="configAC()[pri:0, instance:Paitent_Module_Login.PatientLoginTest@5c33f1a9]" started-at="2024-11-26T09:41:51 IST" name="configAC" finished-at="2024-11-26T09:41:51 IST" duration-ms="7" status="PASS">
          <reporter-output>
          </reporter-output>
        </test-method> <!-- configAC -->
      </class> <!-- Paitent_Module_Login.PatientLoginTest -->
      <class name="Admin_Module_Login.DoctorSpecialization">
        <test-method is-config="true" signature="configBC(java.lang.String)[pri:0, instance:Admin_Module_Login.DoctorSpecialization@7f0eb4b4]" started-at="2024-11-26T09:41:19 IST" name="configBC" finished-at="2024-11-26T09:41:21 IST" duration-ms="2283" status="PASS">
          <params>
            <param index="0">
              <value>
                <![CDATA[chrome]]>
              </value>
            </param>
          </params>
          <reporter-output>
          </reporter-output>
        </test-method> <!-- configBC -->
        <test-method is-config="true" signature="configBM()[pri:0, instance:Admin_Module_Login.DoctorSpecialization@7f0eb4b4]" started-at="2024-11-26T09:41:21 IST" name="configBM" finished-at="2024-11-26T09:41:22 IST" duration-ms="458" status="PASS">
          <reporter-output>
          </reporter-output>
        </test-method> <!-- configBM -->
        <test-method signature="doctorSpecialization()[pri:0, instance:Admin_Module_Login.DoctorSpecialization@7f0eb4b4]" started-at="2024-11-26T09:41:22 IST" name="doctorSpecialization" finished-at="2024-11-26T09:41:46 IST" duration-ms="24222" status="PASS">
          <reporter-output>
          </reporter-output>
        </test-method> <!-- doctorSpecialization -->
        <test-method is-config="true" signature="configAM()[pri:0, instance:Admin_Module_Login.DoctorSpecialization@7f0eb4b4]" started-at="2024-11-26T09:41:46 IST" name="configAM" finished-at="2024-11-26T09:41:46 IST" duration-ms="0" status="PASS">
          <reporter-output>
          </reporter-output>
        </test-method> <!-- configAM -->
        <test-method is-config="true" signature="configAC()[pri:0, instance:Admin_Module_Login.DoctorSpecialization@7f0eb4b4]" started-at="2024-11-26T09:41:46 IST" name="configAC" finished-at="2024-11-26T09:41:46 IST" duration-ms="0" status="PASS">
          <reporter-output>
          </reporter-output>
        </test-method> <!-- configAC -->
      </class> <!-- Admin_Module_Login.DoctorSpecialization -->
      <class name="Paitent_Module_Login.CancelAppointmentTest">
        <test-method is-config="true" signature="configBC(java.lang.String)[pri:0, instance:Paitent_Module_Login.CancelAppointmentTest@1623b78d]" started-at="2024-11-26T09:41:51 IST" name="configBC" finished-at="2024-11-26T09:41:53 IST" duration-ms="2543" status="PASS">
          <params>
            <param index="0">
              <value>
                <![CDATA[chrome]]>
              </value>
            </param>
          </params>
          <reporter-output>
          </reporter-output>
        </test-method> <!-- configBC -->
        <test-method is-config="true" signature="configBM()[pri:0, instance:Paitent_Module_Login.CancelAppointmentTest@1623b78d]" started-at="2024-11-26T09:41:53 IST" name="configBM" finished-at="2024-11-26T09:41:55 IST" duration-ms="1435" status="PASS">
          <reporter-output>
          </reporter-output>
        </test-method> <!-- configBM -->
        <test-method signature="cancelAppointmentByUser()[pri:0, instance:Paitent_Module_Login.CancelAppointmentTest@1623b78d]" started-at="2024-11-26T09:41:55 IST" name="cancelAppointmentByUser" finished-at="2024-11-26T09:41:58 IST" duration-ms="2772" status="PASS">
          <reporter-output>
          </reporter-output>
        </test-method> <!-- cancelAppointmentByUser -->
        <test-method is-config="true" signature="configAM()[pri:0, instance:Paitent_Module_Login.CancelAppointmentTest@1623b78d]" started-at="2024-11-26T09:41:58 IST" name="configAM" finished-at="2024-11-26T09:41:58 IST" duration-ms="0" status="PASS">
          <reporter-output>
          </reporter-output>
        </test-method> <!-- configAM -->
        <test-method is-config="true" signature="configAC()[pri:0, instance:Paitent_Module_Login.CancelAppointmentTest@1623b78d]" started-at="2024-11-26T09:41:58 IST" name="configAC" finished-at="2024-11-26T09:41:58 IST" duration-ms="0" status="PASS">
          <reporter-output>
          </reporter-output>
        </test-method> <!-- configAC -->
      </class> <!-- Paitent_Module_Login.CancelAppointmentTest -->
    </test> <!-- Test -->
  </suite> <!-- Suite -->
</testng-results>
