<?xml version="1.0" encoding="UTF-8"?>
<!-- Generated by org.testng.reporters.JUnitXMLReporter -->
<testsuite ignored="12" hostname="LAPTOP-2MITM1TO" failures="0" tests="7" name="Test" time="104.891" errors="0" timestamp="2024-11-26T09:41:58 IST">
  <testcase classname="Admin_Module_Login.AdminLoginTest" name="adminLogin" time="3.823"/>
  <testcase classname="Admin_Module_Login.CreateDoctorAccountTest" name="createDoctor" time="16.29"/>
  <testcase classname="Doctor_Module_.AddPatientTest" name="addPatient" time="12.48"/>
  <testcase classname="Admin_Module_Login.ManageDoctorTest" name="manageDoctor" time="19.837"/>
  <testcase classname="Admin_Module_Login.DoctorSpecialization" name="doctorSpecialization" time="24.222"/>
  <testcase classname="Paitent_Module_Login.PatientLoginTest" name="userLogin" time="1.32"/>
  <testcase classname="Paitent_Module_Login.CancelAppointmentTest" name="cancelAppointmentByUser" time="2.772"/>
  <testcase classname="com.medicover.hms.basetest.BaseUtility" name="@BeforeSuite configureBS" time="0.0">
    <ignored/>
  </testcase> <!-- @BeforeSuite configureBS -->
  <testcase classname="com.medicover.hms.basetest.BaseUtility" name="@BeforeSuite configureBS" time="0.0">
    <ignored/>
  </testcase> <!-- @BeforeSuite configureBS -->
  <testcase classname="com.medicover.hms.basetest.BaseUtility" name="@BeforeSuite configureBS" time="0.0">
    <ignored/>
  </testcase> <!-- @BeforeSuite configureBS -->
  <testcase classname="com.medicover.hms.basetest.BaseUtility" name="@BeforeSuite configureBS" time="0.0">
    <ignored/>
  </testcase> <!-- @BeforeSuite configureBS -->
  <testcase classname="com.medicover.hms.basetest.BaseUtility" name="@BeforeSuite configureBS" time="0.0">
    <ignored/>
  </testcase> <!-- @BeforeSuite configureBS -->
  <testcase classname="com.medicover.hms.basetest.BaseUtility" name="@BeforeSuite configureBS" time="0.0">
    <ignored/>
  </testcase> <!-- @BeforeSuite configureBS -->
  <testcase classname="com.medicover.hms.basetest.BaseUtility" name="@AfterSuite configAS" time="0.0">
    <ignored/>
  </testcase> <!-- @AfterSuite configAS -->
  <testcase classname="com.medicover.hms.basetest.BaseUtility" name="@AfterSuite configAS" time="0.0">
    <ignored/>
  </testcase> <!-- @AfterSuite configAS -->
  <testcase classname="com.medicover.hms.basetest.BaseUtility" name="@AfterSuite configAS" time="0.0">
    <ignored/>
  </testcase> <!-- @AfterSuite configAS -->
  <testcase classname="com.medicover.hms.basetest.BaseUtility" name="@AfterSuite configAS" time="0.0">
    <ignored/>
  </testcase> <!-- @AfterSuite configAS -->
  <testcase classname="com.medicover.hms.basetest.BaseUtility" name="@AfterSuite configAS" time="0.0">
    <ignored/>
  </testcase> <!-- @AfterSuite configAS -->
  <testcase classname="com.medicover.hms.basetest.BaseUtility" name="@AfterSuite configAS" time="0.0">
    <ignored/>
  </testcase> <!-- @AfterSuite configAS -->
</testsuite> <!-- Test -->
