<?xml version="1.0" encoding="UTF-8"?>
<!-- Generated by org.testng.reporters.JUnitXMLReporter -->
<testsuite ignored="4" hostname="LAPTOP-2MITM1TO" failures="0" tests="0" name="Test1" time="5.268" errors="0" timestamp="2024-11-26T18:23:08 IST">
  <testcase classname="com.medicover.hms.basetest.BaseUtility" name="@BeforeSuite configureBS" time="0.0">
    <ignored/>
  </testcase> <!-- @BeforeSuite configureBS -->
  <testcase classname="com.medicover.hms.basetest.BaseUtility" name="@BeforeSuite configureBS" time="0.0">
    <ignored/>
  </testcase> <!-- @BeforeSuite configureBS -->
  <testcase classname="com.medicover.hms.basetest.BaseUtility" name="@AfterSuite configAS" time="0.0">
    <ignored/>
  </testcase> <!-- @AfterSuite configAS -->
  <testcase classname="com.medicover.hms.basetest.BaseUtility" name="@AfterSuite configAS" time="0.0">
    <ignored/>
  </testcase> <!-- @AfterSuite configAS -->
</testsuite> <!-- Test1 -->
